

<!DOCTYPE html>
<html>
<head>
<meta charset="UTF-8">
<meta name="viewport" content="width=device-width, initial-scale=1, shrink-to-fit=no">
<title></title>
<link rel="apple-touch-icon" href="https://cdn.jsdelivr.net/gh/extent-framework/extent-github-cdn@b00a2d0486596e73dd7326beacf352c639623a0e/commons/img/logo.png">
<link rel="shortcut icon" href="https://cdn.jsdelivr.net/gh/extent-framework/extent-github-cdn@b00a2d0486596e73dd7326beacf352c639623a0e/commons/img/logo.png">
<link href="https://cdn.jsdelivr.net/gh/extent-framework/extent-github-cdn@d6562a79075e061305ccfdb82f01e5e195e2d307/spark/css/spark-style.css" rel="stylesheet" />
<link href="https://stackpath.bootstrapcdn.com/font-awesome/4.7.0/css/font-awesome.min.css" rel="stylesheet">
<script src="https://cdn.jsdelivr.net/gh/extent-framework/extent-github-cdn@7cc78ce/spark/js/jsontree.js"></script>
<style type="text/css"></style></head><body class="spa bdd-report standard">
  <div class="app">
    <div class="layout">
<div class="header navbar">
<div class="vheader">
<div class="nav-logo">
<a href="#">
<div class="logo" style="background-image: url('https://cdn.jsdelivr.net/gh/extent-framework/extent-github-cdn@b00a2d0486596e73dd7326beacf352c639623a0e/commons/img/logo.png')"></div>
</a>
</div>
<ul class="nav-left">
<li class="search-box">
<a class="search-toggle" href="#">
<i class="search-icon fa fa-search"></i>
<i class="search-icon-close fa fa-close"></i>
</a>
</li>
<li class="search-input"><input id="search-tests" class="form-control" type="text" placeholder="Search..."></li>
</ul>
<ul class="nav-right">
<li class="m-r-10">
<a href="#"><span class="badge badge-primary"></span></a>
</li>
<li class="m-r-10">
<a href="#"><span class="badge badge-primary">Sep 30, 2023 01:37:50 AM</span></a>
</li>
</ul>
</div>
</div><div class="side-nav">
<div class="side-nav-inner">
<ul class="side-nav-menu">
<li class="nav-item dropdown" onclick="toggleView('test-view')">
<a id="nav-test" class="dropdown-toggle" href="#">
<span class="ico"><i class="fa fa-list"></i></span>
</a>
</li>
<li class="nav-item dropdown" onclick="toggleView('exception-view')">
<a id="nav-exception" class="dropdown-toggle" href="#">
<span class="ico"><i class="fa fa-bug"></i></span>
</a>
</li>
<li class="nav-item dropdown" onclick="toggleView('dashboard-view')">
<a id="nav-dashboard" class="dropdown-toggle" href="#">
<span class="ico"><i class="fa fa-bar-chart"></i></span>
</a>
</li>
</ul>
</div>
</div>      <div class="vcontainer">
        <div class="main-content">
<div class="test-wrapper row view test-view">
  <div class="test-list">
    <div class="test-list-tools">
<ul class="tools pull-left">
<li><a href="#"><span class="font-size-14">Tests</span></a></li>
</ul>
<ul class="tools text-right">
<li class="dropdown">
<a href="#" class="dropdown-toggle" data-toggle="dropdown"><i class="fa fa-exclamation-circle"></i></a>
<ul id="status-toggle" class="dropdown-menu dropdown-md p-v-0">
<a class="dropdown-item" status="pass" href="#"><span>Pass</span><span class="status success"></span></a>
<a class="dropdown-item" status="fail" href="#"><span>Fail</span><span class="status danger"></span></a>
<div class="dropdown-divider"></div>
<a status="clear" class="dropdown-item" href="#"><span>Clear</span><span class="pull-right"><i class="fa fa-close"></i></span></a>
</ul>
</li>
</ul>
</div>    <div class="test-list-wrapper scrollable">
      <ul class="test-list-item">
        <li class="test-item"  status="fail" test-id="1"
          author=""
          tag=""
          device="">
          <div class="test-detail">
            <p class="name">Register Functionality</p>
            <p class="text-sm">
              <span>1:37:51 AM</span> / <span>00:00:45:707</span>
              <span class="badge fail-bg log float-right">Fail</span>
            </p>
          </div>
          <div class="test-contents d-none">
<div class="detail-head">
<div class="p-v-10">
<div class="info">
<h5 class="test-status text-fail">Register Functionality</h5>
<span class='badge badge-success'>09.30.2023 1:37:51 AM</span>
<span class='badge badge-danger'>09.30.2023 1:38:36 AM</span>
<span class='badge badge-default'>00:00:45:707</span>
&middot; <span class='uri-anchor badge badge-default'>#test-id=1</span>
<span class='badge badge-default pointer float-right ml-1 et'><i class="fa fa-chevron-down"></i></span>
<span class='badge badge-default pointer float-right ct'><i class="fa fa-chevron-up"></i></span>
</div>
<div class="m-t-10 m-l-5"></div>
</div>
</div>
<div class="accordion mt-4">
  <div class="card">
    <div class="card-header" role="tab">
      <div class="card-title">
        <div class="node" id="2"><span class="badge log fail-bg mr-2">Fail</span>Register with user information</div>
          <div class="status-avatar float-right mr-4">
            <i class="fa fa-paperclip"></i>
          </div>
      </div>
    </div>
        <div class="">
          <div class="card-body">
              <div class="step pass-bg" title="StepDefinitions.US_02_Login_Ihs.navigateToCleverPPC()">
                <span>Given Navigate to CleverPPC</span>
      <div>
      </div>
              </div>
              <div class="step pass-bg" title="StepDefinitions.US_01_Register_Faruk.clickOnTheElementInDialogContent(io.cucumber.datatable.DataTable)">
                <span>When Click on the element in DialogContent</span>
      <div><table class='markup-table table '><tr><td>signInButton</td></tr></table>
      </div>
      <div>
      </div>
              </div>
              <div class="step pass-bg" title="StepDefinitions.US_01_Register_Faruk.userSendingTheKeysInDialogContent(io.cucumber.datatable.DataTable)">
                <span>And User sending the keys in DialogContent</span>
      <div><table class='markup-table table '><tr><td>emailCreateInput</td><td>cekk7@gmail.com</td></tr></table>
      </div>
      <div>
      </div>
              </div>
              <div class="step pass-bg" title="StepDefinitions.US_01_Register_Faruk.clickOnTheElementInDialogContent(io.cucumber.datatable.DataTable)">
                <span>When Click on the element in DialogContent</span>
      <div><table class='markup-table table '><tr><td>createAccountButton</td></tr></table>
      </div>
      <div>
      </div>
              </div>
              <div class="step fail-bg" title="StepDefinitions.US_01_Register_Faruk.userSendingTheKeysInDialogContent(io.cucumber.datatable.DataTable)">
                <span>And User sending the keys in DialogContent</span>
      <div><table class='markup-table table '><tr><td>firstNameInput</td><td>far</td></tr><tr><td>lastNameInput</td><td>far</td></tr><tr><td>passwordInput</td><td>far123</td></tr></table>
      </div>
      <div>
        <textarea disabled class="code-block">org.openqa.selenium.TimeoutException: Expected condition failed: waiting for visibility of Proxy element for: DefaultElementLocator 'By.id: customer_firstname' (tried for 20 second(s) with 500 milliseconds interval)
	at org.openqa.selenium.support.ui.WebDriverWait.timeoutException(WebDriverWait.java:84)
	at org.openqa.selenium.support.ui.FluentWait.until(FluentWait.java:230)
	at Pages.Parent.mySendKeyes(Parent.java:38)
	at StepDefinitions.US_01_Register_Faruk.userSendingTheKeysInDialogContent(US_01_Register_Faruk.java:37)
	at ✽.User sending the keys in DialogContent(file:///C:/Users/LENOVO%20V15%20Gen2/IdeaProjects/CleverPPC/src/test/java/FeatureFiles/US_01_Register_Faruk.feature:18)
Caused by: org.openqa.selenium.NoSuchElementException: no such element: Unable to locate element: {"method":"css selector","selector":"#customer_firstname"}
  (Session info: chrome=117.0.5938.132)
For documentation on this error, please visit: https://www.selenium.dev/documentation/webdriver/troubleshooting/errors#no-such-element-exception
Build info: version: '4.11.0', revision: '040bc5406b'
System info: os.name: 'Windows 11', os.arch: 'amd64', os.version: '10.0', java.version: '1.8.0_371'
Driver info: org.openqa.selenium.chrome.ChromeDriver
Command: [f73800c76d224640b3c4fcd2a6b73e8a, findElement {using=id, value=customer_firstname}]
Capabilities {acceptInsecureCerts: false, browserName: chrome, browserVersion: 117.0.5938.132, chrome: {chromedriverVersion: 117.0.5938.92 (67649b10b92b..., userDataDir: C:\Users\LENOVO~1\AppData\L...}, fedcm:accounts: true, goog:chromeOptions: {debuggerAddress: localhost:61287}, networkConnectionEnabled: false, pageLoadStrategy: normal, platformName: windows, proxy: Proxy(), se:cdp: ws://localhost:61287/devtoo..., se:cdpVersion: 117.0.5938.132, setWindowRect: true, strictFileInteractability: false, timeouts: {implicit: 0, pageLoad: 300000, script: 30000}, unhandledPromptBehavior: dismiss and notify, webauthn:extension:credBlob: true, webauthn:extension:largeBlob: true, webauthn:extension:minPinLength: true, webauthn:extension:prf: true, webauthn:virtualAuthenticators: true}
Session ID: f73800c76d224640b3c4fcd2a6b73e8a
	at sun.reflect.GeneratedConstructorAccessor21.newInstance(Unknown Source)
	at sun.reflect.DelegatingConstructorAccessorImpl.newInstance(DelegatingConstructorAccessorImpl.java:45)
	at java.lang.reflect.Constructor.newInstance(Constructor.java:423)
	at org.openqa.selenium.remote.codec.w3c.W3CHttpResponseCodec.createException(W3CHttpResponseCodec.java:200)
	at org.openqa.selenium.remote.codec.w3c.W3CHttpResponseCodec.decode(W3CHttpResponseCodec.java:133)
	at org.openqa.selenium.remote.codec.w3c.W3CHttpResponseCodec.decode(W3CHttpResponseCodec.java:52)
	at org.openqa.selenium.remote.HttpCommandExecutor.execute(HttpCommandExecutor.java:191)
	at org.openqa.selenium.remote.service.DriverCommandExecutor.invokeExecute(DriverCommandExecutor.java:196)
	at org.openqa.selenium.remote.service.DriverCommandExecutor.execute(DriverCommandExecutor.java:171)
	at org.openqa.selenium.remote.RemoteWebDriver.execute(RemoteWebDriver.java:518)
	at org.openqa.selenium.remote.ElementLocation$ElementFinder$2.findElement(ElementLocation.java:165)
	at org.openqa.selenium.remote.ElementLocation.findElement(ElementLocation.java:59)
	at org.openqa.selenium.remote.RemoteWebDriver.findElement(RemoteWebDriver.java:355)
	at org.openqa.selenium.remote.RemoteWebDriver.findElement(RemoteWebDriver.java:349)
	at org.openqa.selenium.support.pagefactory.DefaultElementLocator.findElement(DefaultElementLocator.java:68)
	at org.openqa.selenium.support.pagefactory.internal.LocatingElementHandler.invoke(LocatingElementHandler.java:38)
	at com.sun.proxy.$Proxy26.isDisplayed(Unknown Source)
	at org.openqa.selenium.support.ui.ExpectedConditions.elementIfVisible(ExpectedConditions.java:304)
	at org.openqa.selenium.support.ui.ExpectedConditions.access$000(ExpectedConditions.java:37)
	at org.openqa.selenium.support.ui.ExpectedConditions$10.apply(ExpectedConditions.java:290)
	at org.openqa.selenium.support.ui.ExpectedConditions$10.apply(ExpectedConditions.java:287)
	at org.openqa.selenium.support.ui.FluentWait.until(FluentWait.java:205)
	at Pages.Parent.mySendKeyes(Parent.java:38)
	at StepDefinitions.US_01_Register_Faruk.userSendingTheKeysInDialogContent(US_01_Register_Faruk.java:37)
	at sun.reflect.NativeMethodAccessorImpl.invoke0(Native Method)
	at sun.reflect.NativeMethodAccessorImpl.invoke(NativeMethodAccessorImpl.java:62)
	at sun.reflect.DelegatingMethodAccessorImpl.invoke(DelegatingMethodAccessorImpl.java:43)
	at java.lang.reflect.Method.invoke(Method.java:498)
	at io.cucumber.java.Invoker.doInvoke(Invoker.java:66)
	at io.cucumber.java.Invoker.invoke(Invoker.java:24)
	at io.cucumber.java.AbstractGlueDefinition.invokeMethod(AbstractGlueDefinition.java:47)
	at io.cucumber.java.JavaStepDefinition.execute(JavaStepDefinition.java:29)
	at io.cucumber.core.runner.CoreStepDefinition.execute(CoreStepDefinition.java:66)
	at io.cucumber.core.runner.PickleStepDefinitionMatch.runStep(PickleStepDefinitionMatch.java:63)
	at io.cucumber.core.runner.ExecutionMode$1.execute(ExecutionMode.java:10)
	at io.cucumber.core.runner.TestStep.executeStep(TestStep.java:85)
	at io.cucumber.core.runner.TestStep.run(TestStep.java:57)
	at io.cucumber.core.runner.PickleStepTestStep.run(PickleStepTestStep.java:51)
	at io.cucumber.core.runner.TestCase.run(TestCase.java:84)
	at io.cucumber.core.runner.Runner.runPickle(Runner.java:75)
	at io.cucumber.testng.TestNGCucumberRunner.lambda$runScenario$1(TestNGCucumberRunner.java:132)
	at io.cucumber.core.runtime.CucumberExecutionContext.lambda$runTestCase$5(CucumberExecutionContext.java:129)
	at io.cucumber.core.runtime.RethrowingThrowableCollector.executeAndThrow(RethrowingThrowableCollector.java:23)
	at io.cucumber.core.runtime.CucumberExecutionContext.runTestCase(CucumberExecutionContext.java:129)
	at io.cucumber.testng.TestNGCucumberRunner.runScenario(TestNGCucumberRunner.java:129)
	at io.cucumber.testng.AbstractTestNGCucumberTests.runScenario(AbstractTestNGCucumberTests.java:35)
	at sun.reflect.NativeMethodAccessorImpl.invoke0(Native Method)
	at sun.reflect.NativeMethodAccessorImpl.invoke(NativeMethodAccessorImpl.java:62)
	at sun.reflect.DelegatingMethodAccessorImpl.invoke(DelegatingMethodAccessorImpl.java:43)
	at java.lang.reflect.Method.invoke(Method.java:498)
	at org.testng.internal.MethodInvocationHelper.invokeMethod(MethodInvocationHelper.java:124)
	at org.testng.internal.Invoker.invokeMethod(Invoker.java:583)
	at org.testng.internal.Invoker.invokeTestMethod(Invoker.java:719)
	at org.testng.internal.Invoker.invokeTestMethods(Invoker.java:989)
	at org.testng.internal.TestMethodWorker.invokeTestMethods(TestMethodWorker.java:125)
	at org.testng.internal.TestMethodWorker.run(TestMethodWorker.java:109)
	at org.testng.TestRunner.privateRun(TestRunner.java:648)
	at org.testng.TestRunner.run(TestRunner.java:505)
	at org.testng.SuiteRunner.runTest(SuiteRunner.java:455)
	at org.testng.SuiteRunner.runSequentially(SuiteRunner.java:450)
	at org.testng.SuiteRunner.privateRun(SuiteRunner.java:415)
	at org.testng.SuiteRunner.run(SuiteRunner.java:364)
	at org.testng.SuiteRunnerWorker.runSuite(SuiteRunnerWorker.java:52)
	at org.testng.SuiteRunnerWorker.run(SuiteRunnerWorker.java:84)
	at org.testng.TestNG.runSuitesSequentially(TestNG.java:1208)
	at org.testng.TestNG.runSuitesLocally(TestNG.java:1137)
	at org.testng.TestNG.runSuites(TestNG.java:1049)
	at org.testng.TestNG.run(TestNG.java:1017)
	at com.intellij.rt.testng.IDEARemoteTestNG.run(IDEARemoteTestNG.java:66)
	at com.intellij.rt.testng.RemoteTestNGStarter.main(RemoteTestNGStarter.java:105)
</textarea>
      
      </div>
              </div>
              <div class="step skip-bg" title="StepDefinitions.US_01_Register_Faruk.clickOnTheElementInDialogContent(io.cucumber.datatable.DataTable)">
                <span>When Click on the element in DialogContent</span>
      <div><table class='markup-table table '><tr><td>registerButton</td></tr></table>
      </div>
      <div>Step skipped
      </div>
              </div>
              <div class="step skip-bg" title="StepDefinitions.US_01_Register_Faruk.userShouldRegisteredSuccessfully()">
                <span>Then User should registered successfully</span>
      <div>Step skipped
      </div>
              </div>
              <div class="step pass-bg" title="AFTER">
                <span>StepDefinitions.Hooks.after(io.cucumber.java.Scenario)</span>
      <div>screenshot name
          <div class="row mb-3"><div class="col-md-3">
<img data-featherlight='../Screenshots/embedded1.png' src="../Screenshots/embedded1.png">
    
    </div></div>
</div>
      <div>
      </div>
              </div>
          </div>
        </div>
  </div>
</div>
          </div>
        </li>
        <li class="test-item"  status="pass" test-id="12"
          author=""
          tag=""
          device="">
          <div class="test-detail">
            <p class="name">Login functionality</p>
            <p class="text-sm">
              <span>1:38:36 AM</span> / <span>00:03:19:004</span>
              <span class="badge pass-bg log float-right">Pass</span>
            </p>
          </div>
          <div class="test-contents d-none">
<div class="detail-head">
<div class="p-v-10">
<div class="info">
<h5 class="test-status text-pass">Login functionality</h5>
<span class='badge badge-success'>09.30.2023 1:38:36 AM</span>
<span class='badge badge-danger'>09.30.2023 1:41:55 AM</span>
<span class='badge badge-default'>00:03:19:004</span>
&middot; <span class='uri-anchor badge badge-default'>#test-id=12</span>
<span class='badge badge-default pointer float-right ml-1 et'><i class="fa fa-chevron-down"></i></span>
<span class='badge badge-default pointer float-right ct'><i class="fa fa-chevron-up"></i></span>
</div>
<div class="m-t-10 m-l-5"></div>
</div>
</div>
<div class="accordion mt-4">
  <div class="card">
    <div class="card-header" role="tab">
      <div class="card-title">
        <div class="node" id="13"><span class="badge log pass-bg mr-2">Pass</span>Login with invalid username and password</div>
      </div>
    </div>
        <div class="scenario_outline collapse">
            <div class="card-body l1">
              <div class="card-header">
                <div class="card-title outline-child">
                  <div class="node" id="14"><span class="badge log pass-bg mr-2">Pass</span>Login with invalid username and password</div>
                </div>
              </div>
              <div class="card-body mt-3 collapse">
                  <div class="step pass-bg">
                    <span>Given Navigate to CleverPPC</span>
      <div>
      </div>
                  </div>
                  <div class="step pass-bg">
                    <span>When Click sign-in button and enter "null_1@example.com" and "null_pass_1" and click sign-in button</span>
      <div>
      </div>
                  </div>
                  <div class="step pass-bg">
                    <span>Then User should not be able to login</span>
      <div>
      </div>
                  </div>
              </div>
            </div>
            <div class="card-body l1">
              <div class="card-header">
                <div class="card-title outline-child">
                  <div class="node" id="20"><span class="badge log pass-bg mr-2">Pass</span>Login with invalid username and password</div>
                </div>
              </div>
              <div class="card-body mt-3 collapse">
                  <div class="step pass-bg">
                    <span>Given Navigate to CleverPPC</span>
      <div>
      </div>
                  </div>
                  <div class="step pass-bg">
                    <span>When Click sign-in button and enter "null_2@example.com" and "null_pass_2" and click sign-in button</span>
      <div>
      </div>
                  </div>
                  <div class="step pass-bg">
                    <span>Then User should not be able to login</span>
      <div>
      </div>
                  </div>
              </div>
            </div>
            <div class="card-body l1">
              <div class="card-header">
                <div class="card-title outline-child">
                  <div class="node" id="26"><span class="badge log pass-bg mr-2">Pass</span>Login with invalid username and password</div>
                </div>
              </div>
              <div class="card-body mt-3 collapse">
                  <div class="step pass-bg">
                    <span>Given Navigate to CleverPPC</span>
      <div>
      </div>
                  </div>
                  <div class="step pass-bg">
                    <span>When Click sign-in button and enter "null_3@example.com" and "null_pass_3" and click sign-in button</span>
      <div>
      </div>
                  </div>
                  <div class="step pass-bg">
                    <span>Then User should not be able to login</span>
      <div>
      </div>
                  </div>
              </div>
            </div>
            <div class="card-body l1">
              <div class="card-header">
                <div class="card-title outline-child">
                  <div class="node" id="32"><span class="badge log pass-bg mr-2">Pass</span>Login with invalid username and password</div>
                </div>
              </div>
              <div class="card-body mt-3 collapse">
                  <div class="step pass-bg">
                    <span>Given Navigate to CleverPPC</span>
      <div>
      </div>
                  </div>
                  <div class="step pass-bg">
                    <span>When Click sign-in button and enter "null_4@example.com" and "null_pass_4" and click sign-in button</span>
      <div>
      </div>
                  </div>
                  <div class="step pass-bg">
                    <span>Then User should not be able to login</span>
      <div>
      </div>
                  </div>
              </div>
            </div>
            <div class="card-body l1">
              <div class="card-header">
                <div class="card-title outline-child">
                  <div class="node" id="38"><span class="badge log pass-bg mr-2">Pass</span>Login with invalid username and password</div>
                </div>
              </div>
              <div class="card-body mt-3 collapse">
                  <div class="step pass-bg">
                    <span>Given Navigate to CleverPPC</span>
      <div>
      </div>
                  </div>
                  <div class="step pass-bg">
                    <span>When Click sign-in button and enter "null_5@example.com" and "null_pass_5" and click sign-in button</span>
      <div>
      </div>
                  </div>
                  <div class="step pass-bg">
                    <span>Then User should not be able to login</span>
      <div>
      </div>
                  </div>
              </div>
            </div>
            <div class="card-body l1">
              <div class="card-header">
                <div class="card-title outline-child">
                  <div class="node" id="44"><span class="badge log pass-bg mr-2">Pass</span>Login with invalid username and password</div>
                </div>
              </div>
              <div class="card-body mt-3 collapse">
                  <div class="step pass-bg">
                    <span>Given Navigate to CleverPPC</span>
      <div>
      </div>
                  </div>
                  <div class="step pass-bg">
                    <span>When Click sign-in button and enter "null_6@example.com" and "null_pass_6" and click sign-in button</span>
      <div>
      </div>
                  </div>
                  <div class="step pass-bg">
                    <span>Then User should not be able to login</span>
      <div>
      </div>
                  </div>
              </div>
            </div>
        </div>
  </div>
  <div class="card">
    <div class="card-header" role="tab">
      <div class="card-title">
        <div class="node" id="50"><span class="badge log pass-bg mr-2">Pass</span>Login with valid username and password</div>
      </div>
    </div>
        <div class="collapse">
          <div class="card-body">
              <div class="step pass-bg" title="StepDefinitions.US_02_Login_Ihs.navigateToCleverPPC()">
                <span>Given Navigate to CleverPPC</span>
      <div>
      </div>
              </div>
              <div class="step pass-bg" title="StepDefinitions.US_02_Login_Ihs.clickSignInButtonAndEnterValidEmailAndPasswordAndClickSignInButton()">
                <span>When Click sign-in button and enter valid email and password and click sign-in button</span>
      <div>
      </div>
              </div>
              <div class="step pass-bg" title="StepDefinitions.US_02_Login_Ihs.userShouldBeAbleToLoginSuccessfully()">
                <span>Then User should be able to login successfully</span>
      <div>
      </div>
              </div>
          </div>
        </div>
  </div>
</div>
          </div>
        </li>
        <li class="test-item"  status="fail" test-id="56"
          author=""
          tag=""
          device="">
          <div class="test-detail">
            <p class="name">Adress functionality</p>
            <p class="text-sm">
              <span>1:41:55 AM</span> / <span>00:01:20:049</span>
              <span class="badge fail-bg log float-right">Fail</span>
            </p>
          </div>
          <div class="test-contents d-none">
<div class="detail-head">
<div class="p-v-10">
<div class="info">
<h5 class="test-status text-fail">Adress functionality</h5>
<span class='badge badge-success'>09.30.2023 1:41:55 AM</span>
<span class='badge badge-danger'>09.30.2023 1:43:15 AM</span>
<span class='badge badge-default'>00:01:20:049</span>
&middot; <span class='uri-anchor badge badge-default'>#test-id=56</span>
<span class='badge badge-default pointer float-right ml-1 et'><i class="fa fa-chevron-down"></i></span>
<span class='badge badge-default pointer float-right ct'><i class="fa fa-chevron-up"></i></span>
</div>
<div class="m-t-10 m-l-5"></div>
</div>
</div>
<div class="accordion mt-4">
  <div class="card">
    <div class="card-header" role="tab">
      <div class="card-title">
        <div class="node" id="57"><span class="badge log fail-bg mr-2">Fail</span>Create Addresses</div>
          <div class="status-avatar float-right mr-4">
            <i class="fa fa-paperclip"></i>
          </div>
      </div>
    </div>
        <div class="">
          <div class="card-body">
              <div class="step pass-bg" title="StepDefinitions.US_02_Login_Ihs.navigateToCleverPPC()">
                <span>Given Navigate to CleverPPC</span>
      <div>
      </div>
              </div>
              <div class="step pass-bg" title="StepDefinitions.US_03_Address_Ethem.clickTheSiteMap()">
                <span>When Click the SiteMap</span>
      <div>
      </div>
              </div>
              <div class="step pass-bg" title="StepDefinitions.US_03_Address_Ethem.userEntersUsernameAndPasswordAndClickLoginButton()">
                <span>When User enters username and password and click login button</span>
      <div>
      </div>
              </div>
              <div class="step pass-bg" title="StepDefinitions.US_03_Address_Ethem.clickTheAddress()">
                <span>And Click the Address</span>
      <div>
      </div>
              </div>
              <div class="step pass-bg" title="StepDefinitions.US_03_Address_Ethem.userShouldBeAbleToLoginPositively()">
                <span>Then User should be able to login positively</span>
      <div>
      </div>
              </div>
              <div class="step pass-bg" title="StepDefinitions.US_01_Register_Faruk.clickOnTheElementInDialogContent(io.cucumber.datatable.DataTable)">
                <span>When Click on the element in DialogContent</span>
      <div><table class='markup-table table '><tr><td>adanewaddress</td></tr></table>
      </div>
      <div>
      </div>
              </div>
              <div class="step pass-bg" title="StepDefinitions.US_03_Address_Ethem.userSendTheKeysInDialogContent(io.cucumber.datatable.DataTable)">
                <span>And User send the keys in DialogContent</span>
      <div><table class='markup-table table '><tr><td>firstNameInputET</td><td>Eto</td></tr><tr><td>lastNameInputET</td><td>etoa</td></tr><tr><td>address</td><td>Techno</td></tr><tr><td>city</td><td>Los Angeles</td></tr><tr><td>zip</td><td>12356</td></tr><tr><td>homephone</td><td>12345</td></tr><tr><td>mobilephone</td><td>05546</td></tr><tr><td>reference</td><td>Technoo</td></tr></table>
      </div>
      <div>
      </div>
              </div>
              <div class="step pass-bg" title="StepDefinitions.US_03_Address_Ethem.selectState()">
                <span>And select state</span>
      <div>
      </div>
              </div>
              <div class="step pass-bg" title="StepDefinitions.US_03_Address_Ethem.clicksOnTheElementInDialogContent(io.cucumber.datatable.DataTable)">
                <span>When Clicks on the element in DialogContent</span>
      <div><table class='markup-table table '><tr><td>saveButton</td></tr></table>
      </div>
      <div>
      </div>
              </div>
              <div class="step fail-bg" title="StepDefinitions.US_03_Address_Ethem.successMessageShouldBeDisplayed()">
                <span>Then Success message should be displayed</span>
      <div>
        <textarea disabled class="code-block">org.openqa.selenium.TimeoutException: Expected condition failed: waiting for text ('Your addresses are listed below.') to be present in element Proxy element for: DefaultElementLocator 'By.xpath: //*[@class='addresses']' (tried for 20 second(s) with 500 milliseconds interval)
	at org.openqa.selenium.support.ui.WebDriverWait.timeoutException(WebDriverWait.java:84)
	at org.openqa.selenium.support.ui.FluentWait.until(FluentWait.java:230)
	at Pages.Parent.verifyContainsText(Parent.java:54)
	at StepDefinitions.US_03_Address_Ethem.successMessageShouldBeDisplayed(US_03_Address_Ethem.java:79)
	at ✽.Success message should be displayed(file:///C:/Users/LENOVO%20V15%20Gen2/IdeaProjects/CleverPPC/src/test/java/FeatureFiles/US_03_Address_Ethem.feature:28)
Caused by: org.openqa.selenium.NoSuchElementException: no such element: Unable to locate element: {"method":"xpath","selector":"//*[@class='addresses']"}
  (Session info: chrome=117.0.5938.132)
For documentation on this error, please visit: https://www.selenium.dev/documentation/webdriver/troubleshooting/errors#no-such-element-exception
Build info: version: '4.11.0', revision: '040bc5406b'
System info: os.name: 'Windows 11', os.arch: 'amd64', os.version: '10.0', java.version: '1.8.0_371'
Driver info: org.openqa.selenium.chrome.ChromeDriver
Command: [ee0c24486f61f3ba4df07c5258067ff2, findElement {using=xpath, value=//*[@class='addresses']}]
Capabilities {acceptInsecureCerts: false, browserName: chrome, browserVersion: 117.0.5938.132, chrome: {chromedriverVersion: 117.0.5938.92 (67649b10b92b..., userDataDir: C:\Users\LENOVO~1\AppData\L...}, fedcm:accounts: true, goog:chromeOptions: {debuggerAddress: localhost:61602}, networkConnectionEnabled: false, pageLoadStrategy: normal, platformName: windows, proxy: Proxy(), se:cdp: ws://localhost:61602/devtoo..., se:cdpVersion: 117.0.5938.132, setWindowRect: true, strictFileInteractability: false, timeouts: {implicit: 0, pageLoad: 300000, script: 30000}, unhandledPromptBehavior: dismiss and notify, webauthn:extension:credBlob: true, webauthn:extension:largeBlob: true, webauthn:extension:minPinLength: true, webauthn:extension:prf: true, webauthn:virtualAuthenticators: true}
Session ID: ee0c24486f61f3ba4df07c5258067ff2
	at sun.reflect.GeneratedConstructorAccessor21.newInstance(Unknown Source)
	at sun.reflect.DelegatingConstructorAccessorImpl.newInstance(DelegatingConstructorAccessorImpl.java:45)
	at java.lang.reflect.Constructor.newInstance(Constructor.java:423)
	at org.openqa.selenium.remote.codec.w3c.W3CHttpResponseCodec.createException(W3CHttpResponseCodec.java:200)
	at org.openqa.selenium.remote.codec.w3c.W3CHttpResponseCodec.decode(W3CHttpResponseCodec.java:133)
	at org.openqa.selenium.remote.codec.w3c.W3CHttpResponseCodec.decode(W3CHttpResponseCodec.java:52)
	at org.openqa.selenium.remote.HttpCommandExecutor.execute(HttpCommandExecutor.java:191)
	at org.openqa.selenium.remote.service.DriverCommandExecutor.invokeExecute(DriverCommandExecutor.java:196)
	at org.openqa.selenium.remote.service.DriverCommandExecutor.execute(DriverCommandExecutor.java:171)
	at org.openqa.selenium.remote.RemoteWebDriver.execute(RemoteWebDriver.java:518)
	at org.openqa.selenium.remote.ElementLocation$ElementFinder$2.findElement(ElementLocation.java:165)
	at org.openqa.selenium.remote.ElementLocation.findElement(ElementLocation.java:59)
	at org.openqa.selenium.remote.RemoteWebDriver.findElement(RemoteWebDriver.java:355)
	at org.openqa.selenium.remote.RemoteWebDriver.findElement(RemoteWebDriver.java:349)
	at org.openqa.selenium.support.pagefactory.DefaultElementLocator.findElement(DefaultElementLocator.java:68)
	at org.openqa.selenium.support.pagefactory.internal.LocatingElementHandler.invoke(LocatingElementHandler.java:38)
	at com.sun.proxy.$Proxy26.getText(Unknown Source)
	at org.openqa.selenium.support.ui.ExpectedConditions$12.apply(ExpectedConditions.java:343)
	at org.openqa.selenium.support.ui.ExpectedConditions$12.apply(ExpectedConditions.java:339)
	at org.openqa.selenium.support.ui.FluentWait.until(FluentWait.java:205)
	at Pages.Parent.verifyContainsText(Parent.java:54)
	at StepDefinitions.US_03_Address_Ethem.successMessageShouldBeDisplayed(US_03_Address_Ethem.java:79)
	at sun.reflect.NativeMethodAccessorImpl.invoke0(Native Method)
	at sun.reflect.NativeMethodAccessorImpl.invoke(NativeMethodAccessorImpl.java:62)
	at sun.reflect.DelegatingMethodAccessorImpl.invoke(DelegatingMethodAccessorImpl.java:43)
	at java.lang.reflect.Method.invoke(Method.java:498)
	at io.cucumber.java.Invoker.doInvoke(Invoker.java:66)
	at io.cucumber.java.Invoker.invoke(Invoker.java:24)
	at io.cucumber.java.AbstractGlueDefinition.invokeMethod(AbstractGlueDefinition.java:47)
	at io.cucumber.java.JavaStepDefinition.execute(JavaStepDefinition.java:29)
	at io.cucumber.core.runner.CoreStepDefinition.execute(CoreStepDefinition.java:66)
	at io.cucumber.core.runner.PickleStepDefinitionMatch.runStep(PickleStepDefinitionMatch.java:63)
	at io.cucumber.core.runner.ExecutionMode$1.execute(ExecutionMode.java:10)
	at io.cucumber.core.runner.TestStep.executeStep(TestStep.java:85)
	at io.cucumber.core.runner.TestStep.run(TestStep.java:57)
	at io.cucumber.core.runner.PickleStepTestStep.run(PickleStepTestStep.java:51)
	at io.cucumber.core.runner.TestCase.run(TestCase.java:84)
	at io.cucumber.core.runner.Runner.runPickle(Runner.java:75)
	at io.cucumber.testng.TestNGCucumberRunner.lambda$runScenario$1(TestNGCucumberRunner.java:132)
	at io.cucumber.core.runtime.CucumberExecutionContext.lambda$runTestCase$5(CucumberExecutionContext.java:129)
	at io.cucumber.core.runtime.RethrowingThrowableCollector.executeAndThrow(RethrowingThrowableCollector.java:23)
	at io.cucumber.core.runtime.CucumberExecutionContext.runTestCase(CucumberExecutionContext.java:129)
	at io.cucumber.testng.TestNGCucumberRunner.runScenario(TestNGCucumberRunner.java:129)
	at io.cucumber.testng.AbstractTestNGCucumberTests.runScenario(AbstractTestNGCucumberTests.java:35)
	at sun.reflect.NativeMethodAccessorImpl.invoke0(Native Method)
	at sun.reflect.NativeMethodAccessorImpl.invoke(NativeMethodAccessorImpl.java:62)
	at sun.reflect.DelegatingMethodAccessorImpl.invoke(DelegatingMethodAccessorImpl.java:43)
	at java.lang.reflect.Method.invoke(Method.java:498)
	at org.testng.internal.MethodInvocationHelper.invokeMethod(MethodInvocationHelper.java:124)
	at org.testng.internal.Invoker.invokeMethod(Invoker.java:583)
	at org.testng.internal.Invoker.invokeTestMethod(Invoker.java:719)
	at org.testng.internal.Invoker.invokeTestMethods(Invoker.java:989)
	at org.testng.internal.TestMethodWorker.invokeTestMethods(TestMethodWorker.java:125)
	at org.testng.internal.TestMethodWorker.run(TestMethodWorker.java:109)
	at org.testng.TestRunner.privateRun(TestRunner.java:648)
	at org.testng.TestRunner.run(TestRunner.java:505)
	at org.testng.SuiteRunner.runTest(SuiteRunner.java:455)
	at org.testng.SuiteRunner.runSequentially(SuiteRunner.java:450)
	at org.testng.SuiteRunner.privateRun(SuiteRunner.java:415)
	at org.testng.SuiteRunner.run(SuiteRunner.java:364)
	at org.testng.SuiteRunnerWorker.runSuite(SuiteRunnerWorker.java:52)
	at org.testng.SuiteRunnerWorker.run(SuiteRunnerWorker.java:84)
	at org.testng.TestNG.runSuitesSequentially(TestNG.java:1208)
	at org.testng.TestNG.runSuitesLocally(TestNG.java:1137)
	at org.testng.TestNG.runSuites(TestNG.java:1049)
	at org.testng.TestNG.run(TestNG.java:1017)
	at com.intellij.rt.testng.IDEARemoteTestNG.run(IDEARemoteTestNG.java:66)
	at com.intellij.rt.testng.RemoteTestNGStarter.main(RemoteTestNGStarter.java:105)
</textarea>
      
      </div>
              </div>
              <div class="step pass-bg" title="AFTER">
                <span>StepDefinitions.Hooks.after(io.cucumber.java.Scenario)</span>
      <div>screenshot name
          <div class="row mb-3"><div class="col-md-3">
<img data-featherlight='../Screenshots/embedded2.png' src="../Screenshots/embedded2.png">
    
    </div></div>
</div>
      <div>
      </div>
              </div>
          </div>
        </div>
  </div>
</div>
          </div>
        </li>
        <li class="test-item"  status="pass" test-id="70"
          author=""
          tag=""
          device="">
          <div class="test-detail">
            <p class="name">Summer Dress functionality</p>
            <p class="text-sm">
              <span>1:43:16 AM</span> / <span>00:00:27:800</span>
              <span class="badge pass-bg log float-right">Pass</span>
            </p>
          </div>
          <div class="test-contents d-none">
<div class="detail-head">
<div class="p-v-10">
<div class="info">
<h5 class="test-status text-pass">Summer Dress functionality</h5>
<span class='badge badge-success'>09.30.2023 1:43:16 AM</span>
<span class='badge badge-danger'>09.30.2023 1:43:43 AM</span>
<span class='badge badge-default'>00:00:27:800</span>
&middot; <span class='uri-anchor badge badge-default'>#test-id=70</span>
<span class='badge badge-default pointer float-right ml-1 et'><i class="fa fa-chevron-down"></i></span>
<span class='badge badge-default pointer float-right ct'><i class="fa fa-chevron-up"></i></span>
</div>
<div class="m-t-10 m-l-5"></div>
</div>
</div>
<div class="accordion mt-4">
  <div class="card">
    <div class="card-header" role="tab">
      <div class="card-title">
        <div class="node" id="71"><span class="badge log pass-bg mr-2">Pass</span>SummerDress add to cart</div>
      </div>
    </div>
        <div class="collapse">
          <div class="card-body">
              <div class="step pass-bg" title="StepDefinitions.US_02_Login_Ihs.navigateToCleverPPC()">
                <span>Given Navigate to CleverPPC</span>
      <div>
      </div>
              </div>
              <div class="step pass-bg" title="StepDefinitions.US_04_AddToCart_Cansu.chooseTheDress()">
                <span>When Choose the dress</span>
      <div>
      </div>
              </div>
              <div class="step pass-bg" title="StepDefinitions.US_04_AddToCart_Cansu.userShouldAddSuccessfully()">
                <span>Then User should add successfully</span>
      <div>
      </div>
              </div>
          </div>
        </div>
  </div>
</div>
          </div>
        </li>
        <li class="test-item"  status="pass" test-id="77"
          author=""
          tag=""
          device="">
          <div class="test-detail">
            <p class="name">Items Functionality</p>
            <p class="text-sm">
              <span>1:43:43 AM</span> / <span>00:00:19:435</span>
              <span class="badge pass-bg log float-right">Pass</span>
            </p>
          </div>
          <div class="test-contents d-none">
<div class="detail-head">
<div class="p-v-10">
<div class="info">
<h5 class="test-status text-pass">Items Functionality</h5>
<span class='badge badge-success'>09.30.2023 1:43:43 AM</span>
<span class='badge badge-danger'>09.30.2023 1:44:03 AM</span>
<span class='badge badge-default'>00:00:19:435</span>
&middot; <span class='uri-anchor badge badge-default'>#test-id=77</span>
<span class='badge badge-default pointer float-right ml-1 et'><i class="fa fa-chevron-down"></i></span>
<span class='badge badge-default pointer float-right ct'><i class="fa fa-chevron-up"></i></span>
</div>
<div class="m-t-10 m-l-5"></div>
</div>
</div>
<div class="accordion mt-4">
  <div class="card">
    <div class="card-header" role="tab">
      <div class="card-title">
        <div class="node" id="78"><span class="badge log pass-bg mr-2">Pass</span>Confirming items count</div>
      </div>
    </div>
        <div class="collapse">
          <div class="card-body">
              <div class="step pass-bg" title="StepDefinitions.US_02_Login_Ihs.navigateToCleverPPC()">
                <span>Given Navigate to CleverPPC</span>
      <div>
      </div>
              </div>
              <div class="step pass-bg" title="StepDefinitions.US_05_ItemsList_Faruk.clickOnTheDressesInDialogContent()">
                <span>When Click on the dresses in DialogContent</span>
      <div>
      </div>
              </div>
              <div class="step pass-bg" title="StepDefinitions.US_05_ItemsList_Faruk.userShouldConfirmTheShownTotalNumbersInDialogContent()">
                <span>And User should confirm the shown total numbers in DialogContent</span>
      <div>
      </div>
              </div>
              <div class="step pass-bg" title="StepDefinitions.US_05_ItemsList_Faruk.userCreatesAListOfAllItemsInDialogContent()">
                <span>And User creates a list of all items in DialogContent</span>
      <div>
      </div>
              </div>
              <div class="step pass-bg" title="StepDefinitions.US_05_ItemsList_Faruk.userShouldConfirmTheListSizeIsEqualWithShownTotalNumbersDialogContent()">
                <span>Then User should confirm the list size is equal with shown total numbers DialogContent</span>
      <div>
      </div>
              </div>
          </div>
        </div>
  </div>
</div>
          </div>
        </li>
        <li class="test-item"  status="fail" test-id="86"
          author=""
          tag=""
          device="">
          <div class="test-detail">
            <p class="name">Choose dresses functionality</p>
            <p class="text-sm">
              <span>1:44:03 AM</span> / <span>00:00:35:195</span>
              <span class="badge fail-bg log float-right">Fail</span>
            </p>
          </div>
          <div class="test-contents d-none">
<div class="detail-head">
<div class="p-v-10">
<div class="info">
<h5 class="test-status text-fail">Choose dresses functionality</h5>
<span class='badge badge-success'>09.30.2023 1:44:03 AM</span>
<span class='badge badge-danger'>09.30.2023 1:44:38 AM</span>
<span class='badge badge-default'>00:00:35:195</span>
&middot; <span class='uri-anchor badge badge-default'>#test-id=86</span>
<span class='badge badge-default pointer float-right ml-1 et'><i class="fa fa-chevron-down"></i></span>
<span class='badge badge-default pointer float-right ct'><i class="fa fa-chevron-up"></i></span>
</div>
<div class="m-t-10 m-l-5"></div>
</div>
</div>
<div class="accordion mt-4">
  <div class="card">
    <div class="card-header" role="tab">
      <div class="card-title">
        <div class="node" id="87"><span class="badge log fail-bg mr-2">Fail</span>Dresses add to cart</div>
          <div class="status-avatar float-right mr-4">
            <i class="fa fa-paperclip"></i>
          </div>
      </div>
    </div>
        <div class="">
          <div class="card-body">
              <div class="step pass-bg" title="StepDefinitions.US_02_Login_Ihs.navigateToCleverPPC()">
                <span>Given Navigate to CleverPPC</span>
      <div>
      </div>
              </div>
              <div class="step pass-bg" title="StepDefinitions.US_06_AddToCartList_Cansu.chooseTheDresses()">
                <span>When Choose the dresses</span>
      <div>
      </div>
              </div>
              <div class="step fail-bg" title="StepDefinitions.US_06_AddToCartList_Cansu.confirmCart()">
                <span>Then Confirm cart</span>
      <div>
        <textarea disabled class="code-block">java.lang.AssertionError: seçilen ürün 3 adetten farklıdır. expected [true] but found [false]
	at org.testng.Assert.fail(Assert.java:96)
	at org.testng.Assert.failNotEquals(Assert.java:776)
	at org.testng.Assert.assertTrue(Assert.java:44)
	at StepDefinitions.US_06_AddToCartList_Cansu.confirmCart(US_06_AddToCartList_Cansu.java:39)
	at ✽.Confirm cart(file:///C:/Users/LENOVO%20V15%20Gen2/IdeaProjects/CleverPPC/src/test/java/FeatureFiles/US_06_AddToCartList_Cansu.feature:7)
</textarea>
      
      </div>
              </div>
              <div class="step pass-bg" title="AFTER">
                <span>StepDefinitions.Hooks.after(io.cucumber.java.Scenario)</span>
      <div>screenshot name
          <div class="row mb-3"><div class="col-md-3">
<img data-featherlight='../Screenshots/embedded3.png' src="../Screenshots/embedded3.png">
    
    </div></div>
</div>
      <div>
      </div>
              </div>
          </div>
        </div>
  </div>
</div>
          </div>
        </li>
        <li class="test-item"  status="pass" test-id="93"
          author=""
          tag=""
          device="">
          <div class="test-detail">
            <p class="name">Online Shopping</p>
            <p class="text-sm">
              <span>1:44:38 AM</span> / <span>00:01:12:861</span>
              <span class="badge pass-bg log float-right">Pass</span>
            </p>
          </div>
          <div class="test-contents d-none">
<div class="detail-head">
<div class="p-v-10">
<div class="info">
<h5 class="test-status text-pass">Online Shopping</h5>
<span class='badge badge-success'>09.30.2023 1:44:38 AM</span>
<span class='badge badge-danger'>09.30.2023 1:45:51 AM</span>
<span class='badge badge-default'>00:01:12:861</span>
&middot; <span class='uri-anchor badge badge-default'>#test-id=93</span>
<span class='badge badge-default pointer float-right ml-1 et'><i class="fa fa-chevron-down"></i></span>
<span class='badge badge-default pointer float-right ct'><i class="fa fa-chevron-up"></i></span>
</div>
<div class="m-t-10 m-l-5"></div>
</div>
</div>
<div class="accordion mt-4">
  <div class="card">
    <div class="card-header" role="tab">
      <div class="card-title">
        <div class="node" id="94"><span class="badge log pass-bg mr-2">Pass</span>Order and Checkout</div>
      </div>
    </div>
        <div class="collapse">
          <div class="card-body">
              <div class="step pass-bg" title="StepDefinitions.US_02_Login_Ihs.navigateToCleverPPC()">
                <span>Given Navigate to CleverPPC</span>
      <div>
      </div>
              </div>
              <div class="step pass-bg" title="StepDefinitions.US_07_Checkout_Vildan.clickSignInButton()">
                <span>And Click sign in button</span>
      <div>
      </div>
              </div>
              <div class="step pass-bg" title="StepDefinitions.US_07_Checkout_Vildan.enterUsernameAndPasswordAndClickLoginButton()">
                <span>When Enter username and password and click login button</span>
      <div>
      </div>
              </div>
              <div class="step pass-bg" title="StepDefinitions.US_07_Checkout_Vildan.userShouldLoginSuccessfully()">
                <span>Then User should login successfully</span>
      <div>
      </div>
              </div>
              <div class="step pass-bg" title="StepDefinitions.US_07_Checkout_Vildan.theUserCanClickOnTheShoppingCartIconCart()">
                <span>And the user can click on the shopping cart icon (Cart)</span>
      <div>
      </div>
              </div>
              <div class="step pass-bg" title="StepDefinitions.US_07_Checkout_Vildan.theUserClicksOnTheCheckoutButton()">
                <span>When the user clicks on the Checkout button</span>
      <div>
      </div>
              </div>
              <div class="step pass-bg" title="StepDefinitions.US_07_Checkout_Vildan.selectedAddressShouldBeDisplayed()">
                <span>Then Selected address  should be displayed</span>
      <div>
      </div>
              </div>
              <div class="step pass-bg" title="StepDefinitions.US_07_Checkout_Vildan.theShipmentMethodIsSelectedByDefault()">
                <span>And the Shipment method is selected by default</span>
      <div>
      </div>
              </div>
              <div class="step pass-bg" title="StepDefinitions.US_07_Checkout_Vildan.theTermsAndConditionsAgreementIsAcceptedByClickingIAgree()">
                <span>And the Terms and Conditions Agreement is accepted by clicking I Agree...</span>
      <div>
      </div>
              </div>
              <div class="step pass-bg" title="StepDefinitions.US_07_Checkout_Vildan.theUserCanClickOnTheProceedToCheckoutButton()">
                <span>And the user can click on the Proceed to checkout button</span>
      <div>
      </div>
              </div>
              <div class="step pass-bg" title="StepDefinitions.US_07_Checkout_Vildan.theUserClicksOnThePayWithPayPalButton()">
                <span>And the user clicks on the Pay with PayPal button</span>
      <div>
      </div>
              </div>
              <div class="step pass-bg" title="StepDefinitions.US_07_Checkout_Vildan.theNegativeMessageShouldBeDisplayed()">
                <span>Then the negative message should be displayed</span>
      <div>
      </div>
              </div>
              <div class="step pass-bg" title="StepDefinitions.US_07_Checkout_Vildan.theUserNavigatesBack()">
                <span>And the user navigates back</span>
      <div>
      </div>
              </div>
              <div class="step pass-bg" title="StepDefinitions.US_07_Checkout_Vildan.theUserClicksOnThePayWithCreditCardButton()">
                <span>And the user clicks on the Pay with Credit Card button</span>
      <div>
      </div>
              </div>
              <div class="step pass-bg" title="StepDefinitions.US_07_Checkout_Vildan.theCreditCardNegativeMessageShouldBeDisplayed()">
                <span>Then the credit card negative message should be displayed</span>
      <div>
      </div>
              </div>
              <div class="step pass-bg" title="StepDefinitions.US_07_Checkout_Vildan.theUserNavigatesBack()">
                <span>And the user navigates back</span>
      <div>
      </div>
              </div>
              <div class="step pass-bg" title="StepDefinitions.US_07_Checkout_Vildan.theUserCanClickOnThePayWithBankTransferButton()">
                <span>And the user can click on the Pay with Bank Transfer button</span>
      <div>
      </div>
              </div>
              <div class="step pass-bg" title="StepDefinitions.US_07_Checkout_Vildan.itShouldBeVerifiedThatTheTotalAmountShownInTheMessageMatchesTheSumOfTheProductCostIncludingTaxAndShippingCost()">
                <span>Then it should be verified that the total amount shown in the message matches the sum of the product cost including tax and shipping cost</span>
      <div>
      </div>
              </div>
              <div class="step pass-bg" title="StepDefinitions.US_07_Checkout_Vildan.theUserCanClickOnTheIConfirmMyOrderButton()">
                <span>And the user can click on the I confirm my order button</span>
      <div>
      </div>
              </div>
              <div class="step pass-bg" title="StepDefinitions.US_07_Checkout_Vildan.itShouldBeDisplayedThatTheMessageIndicatesThePaymentHasBeenProcessed()">
                <span>And it should be displayed that the message indicates the payment has been processed</span>
      <div>
      </div>
              </div>
              <div class="step pass-bg" title="StepDefinitions.US_07_Checkout_Vildan.theOrderNumberFromTheDisplayedMessageShouldBeVerified()">
                <span>And the order number from the displayed message should be verified</span>
      <div>
      </div>
              </div>
          </div>
        </div>
  </div>
</div>
          </div>
        </li>
        <li class="test-item"  status="pass" test-id="118"
          author=""
          tag=""
          device="">
          <div class="test-detail">
            <p class="name">Customer Service functionality</p>
            <p class="text-sm">
              <span>1:45:51 AM</span> / <span>00:00:53:598</span>
              <span class="badge pass-bg log float-right">Pass</span>
            </p>
          </div>
          <div class="test-contents d-none">
<div class="detail-head">
<div class="p-v-10">
<div class="info">
<h5 class="test-status text-pass">Customer Service functionality</h5>
<span class='badge badge-success'>09.30.2023 1:45:51 AM</span>
<span class='badge badge-danger'>09.30.2023 1:46:44 AM</span>
<span class='badge badge-default'>00:00:53:598</span>
&middot; <span class='uri-anchor badge badge-default'>#test-id=118</span>
<span class='badge badge-default pointer float-right ml-1 et'><i class="fa fa-chevron-down"></i></span>
<span class='badge badge-default pointer float-right ct'><i class="fa fa-chevron-up"></i></span>
</div>
<div class="m-t-10 m-l-5"></div>
</div>
</div>
<div class="accordion mt-4">
  <div class="card">
    <div class="card-header" role="tab">
      <div class="card-title">
        <div class="node" id="119"><span class="badge log pass-bg mr-2">Pass</span>Contact customer service and share a payment receipt</div>
      </div>
    </div>
        <div class="collapse">
          <div class="card-body">
              <div class="step pass-bg" title="StepDefinitions.US_02_Login_Ihs.navigateToCleverPPC()">
                <span>Given Navigate to CleverPPC</span>
      <div>
      </div>
              </div>
              <div class="step pass-bg" title="StepDefinitions.US_08_ContactUs_Ihs.theUserClickOnTheContactUsButton()">
                <span>When The user click on the contact us button</span>
      <div>
      </div>
              </div>
              <div class="step pass-bg" title="StepDefinitions.US_08_ContactUs_Ihs.selectASubjectHeading()">
                <span>And select a subject heading</span>
      <div>
      </div>
              </div>
              <div class="step pass-bg" title="StepDefinitions.US_08_ContactUs_Ihs.entersTheirEmailAddress()">
                <span>And enters their email address</span>
      <div>
      </div>
              </div>
              <div class="step pass-bg" title="StepDefinitions.US_08_ContactUs_Ihs.chooseAnOrderReference()">
                <span>And choose an order reference</span>
      <div>
      </div>
              </div>
              <div class="step pass-bg" title="StepDefinitions.US_08_ContactUs_Ihs.writeDownAMessage()">
                <span>And write down a message</span>
      <div>
      </div>
              </div>
              <div class="step pass-bg" title="StepDefinitions.US_08_ContactUs_Ihs.chooseAFileFromTheComputer()">
                <span>When choose a file from the computer</span>
      <div>
      </div>
              </div>
              <div class="step pass-bg" title="StepDefinitions.US_08_ContactUs_Ihs.attachAPaymentReceiptFile()">
                <span>And attach a payment receipt file</span>
      <div>
      </div>
              </div>
              <div class="step pass-bg" title="StepDefinitions.US_08_ContactUs_Ihs.clickOnTheSendButton()">
                <span>And Click on the Send button</span>
      <div>
      </div>
              </div>
              <div class="step pass-bg" title="StepDefinitions.US_08_ContactUs_Ihs.theUserShouldSuccessfullySendThePaymentReceiptToCustomerService()">
                <span>Then the user should successfully send the payment receipt to customer service</span>
      <div>
      </div>
              </div>
          </div>
        </div>
  </div>
</div>
          </div>
        </li>
      </ul>
    </div>
  </div>
<div class="test-content scrollable">
<div class="test-content-tools">
<ul><li><a class="back-to-test" href="#"><i class="fa fa-arrow-left"></i></a></li></ul>
</div>
<div class="test-content-detail"><div class="detail-body"></div></div>
</div></div>
<div class="test-wrapper row view exception-view attributes-view">
<div class="test-list">
<div class="test-list-tools">
<ul class="tools pull-left"><li><a href=""><span class="font-size-14">Exception</span></a></li></ul>
<ul class="tools text-right"><li><a href="#"><span class="badge badge-primary">2</span></a></li></ul>
</div>
<div class="test-list-wrapper scrollable">
<ul class="test-list-item">
<li class="test-item">
<div class="test-detail">
<span class="meta">
<span class='badge log badge-danger'>2</span>
</span>
<p class="name">org.openqa.selenium.TimeoutException</p>
<p class="duration text-sm">2 tests</p>
</div>
<div class="test-contents d-none">
<div class="info">
<h4>org.openqa.selenium.TimeoutException</h4>
<span status="fail" class='badge log badge-danger'>2 failed</span>
</div>
<table class='table table-sm mt-4'>
<thead>
<tr>
<th class="status-col">Status</th>
<th class="timestamp-col">Timestamp</th>
<th>TestName</th>
</tr>
</thead>
<tbody>
<tr class="tag-test-status" status="fail">
<td><span class="badge log fail-bg">Fail</span></td>
<td>01:38:05 AM</td>
<td>
<a href="#" class="linked" test-id='1' id='8'>And User sending the keys in DialogContent</a>
<div class="">
<span class="badge badge-default">Register Functionality.Register with user information.And User sending the keys in DialogContent</span>
</div>
</td>
</tr>
<tr class="tag-test-status" status="fail">
<td><span class="badge log fail-bg">Fail</span></td>
<td>01:42:44 AM</td>
<td>
<a href="#" class="linked" test-id='56' id='68'>Then Success message should be displayed</a>
<div class="">
<span class="badge badge-default">Adress functionality.Create Addresses.Then Success message should be displayed</span>
</div>
</td>
</tr>
</tbody>
</table>
</div>
</li>
<li class="test-item">
<div class="test-detail">
<span class="meta">
<span class='badge log badge-danger'>1</span>
</span>
<p class="name">java.lang.AssertionError</p>
<p class="duration text-sm">1 tests</p>
</div>
<div class="test-contents d-none">
<div class="info">
<h4>java.lang.AssertionError</h4>
<span status="fail" class='badge log badge-danger'>1 failed</span>
</div>
<table class='table table-sm mt-4'>
<thead>
<tr>
<th class="status-col">Status</th>
<th class="timestamp-col">Timestamp</th>
<th>TestName</th>
</tr>
</thead>
<tbody>
<tr class="tag-test-status" status="fail">
<td><span class="badge log fail-bg">Fail</span></td>
<td>01:44:22 AM</td>
<td>
<a href="#" class="linked" test-id='86' id='91'>Then Confirm cart</a>
<div class="">
<span class="badge badge-default">Choose dresses functionality.Dresses add to cart.Then Confirm cart</span>
</div>
</td>
</tr>
</tbody>
</table>
</div>
</li>
</ul>
</div>
</div>
<div class="test-content scrollable">
<div class="test-content-detail">
<div class="detail-body"></div>
</div>
</div>
</div><div class="container-fluid p-4 view dashboard-view">
<div class="row">
<div class="col-md-3">
<div class="card"><div class="card-body">
<p class="m-b-0">Started</p>
<h3>Sep 30, 2023 01:37:50 AM</h3>
</div></div>
</div>
<div class="col-md-3">
<div class="card"><div class="card-body">
<p class="m-b-0">Ended</p>
<h3>Sep 30, 2023 01:46:44 AM</h3>
</div></div>
</div>
<div class="col-md-3">
<div class="card"><div class="card-body">
<p class="m-b-0 text-pass">Features Passed</p>
<h3>5</h3>
</div></div>
</div>
<div class="col-md-3">
<div class="card"><div class="card-body">
<p class="m-b-0 text-fail">Features Failed</p>
<h3>3</h3>
</div></div>
</div>
</div>
<div class="row">
<div class="col-md-4">
<div class="card">
<div class="card-header">
<h6 class="card-title">Features</h6>
</div>
<div class="card-body">
<div class="">
<canvas id='parent-analysis' width='115' height='90'></canvas>
</div>
</div>
<div class="card-footer">
<div><small data-tooltip='62%'>
<b>5</b> features passed
</small>
</div>
<div>
<small data-tooltip='37%'><b>3</b> features failed,
<b>0</b> skipped, <b data-tooltip='0%'>0</b> others
</small>
</div>
</div>
</div>
</div>
<div class="col-md-4">
<div class="card">
<div class="card-header">
<h6 class="card-title">Scenarios</h6>
</div>
<div class="card-body">
<div class="">
<canvas id='child-analysis' width='115' height='90'></canvas>
</div>
</div>
<div class="card-footer">
<div><small data-tooltip='78%'><b>11</b> scenarios passed</small></div>
<div>
<small data-tooltip='21%'><b>3</b> scenarios failed,
<b>0</b> skipped, <b data-tooltip='%'>0</b> others
</small>
</div>
</div>
</div>
</div>
<div class="col-md-4">
<div class="card">
<div class="card-header">
<h6 class="card-title">Steps</h6>
</div>
<div class="card-body">
<div class="">
<canvas id='grandchild-analysis' width='115' height='90'></canvas>
</div>
</div>
<div class="card-footer">
<div><small data-tooltip='93%'><b>78</b> steps passed</small></div>
<div>
<small data-tooltip='3%'><b>3</b> steps failed,
<b>2</b> skipped, <b data-tooltip='%'>0</b> others
</small>
</div>
</div>
</div>
</div>
</div>
<div class="row"><div class="col-md-12">
<div class="card"><div class="card-header"><p>Timeline</p></div>
<div class="card-body pt-0"><div>
<canvas id="timeline" height="120"></canvas>
</div></div>
</div>
</div></div>
<script>
var timeline = {
"Register Functionality":45.707,"Login functionality":199.004,"Adress functionality":80.049,"Summer Dress functionality":27.8,"Items Functionality":19.435,"Choose dresses functionality":35.195,"Online Shopping":72.861,"Customer Service functionality":53.598
};
</script>
<div class="row">
<div class="col-lg-6 col-md-12 sysenv-container">
<div class="card">
<div class="card-header"><p>System/Environment</p></div>
<div class="card-body pb-0 pt-0"><table class="table table-sm table-bordered">
<thead><tr class="bg-gray"><th>Name</th><th>Value</th></tr></thead>
<tbody>
<tr>
<td>Windows User Name</td>
<td>LENOVO V15 Gen2</td>
</tr>
<tr>
<td>Time Zone</td>
<td>Asia/Istanbul</td>
</tr>
<tr>
<td>User Name</td>
<td>Team 10</td>
</tr>
<tr>
<td>Application Name</td>
<td>cleverPPC</td>
</tr>
<tr>
<td>Operating System Info</td>
<td>Windows 11</td>
</tr>
<tr>
<td>Department</td>
<td>QA</td>
</tr>
<tr>
<td>Ek Satır</td>
<td>Açıklama</td>
</tr>
<tr>
<td>Ek Satır</td>
<td>Açıklama</td>
</tr>
<tr>
<td>Ek Satır</td>
<td>Açıklama</td>
</tr>
<tr>
<td>Ek Satır</td>
<td>Açıklama</td>
</tr>
</tbody>
</table></div>
</div>
</div>
</div>
</div>
<script>
var statusGroup = {
parentCount: 5,
passParent: 5,
failParent: 3,
warningParent: 0,
skipParent: 0,
childCount: 5,
passChild: 11,
failChild: 3,
warningChild: 0,
skipChild: 0,
infoChild: 0,
grandChildCount: 5,
passGrandChild: 78,
failGrandChild: 3,
warningGrandChild: 0,
skipGrandChild: 2,
infoGrandChild: 0,
eventsCount: 5,
};
</script>        </div>
      </div>
    </div>
  </div>
<script src="https://cdn.jsdelivr.net/gh/extent-framework/extent-github-cdn@d6562a79075e061305ccfdb82f01e5e195e2d307/spark/js/spark-script.js"></script>
<script type="text/javascript"></script></body>
</html>